{"C:\\Users\\erich\\Heady\\lib\\constants.js": {"path":"C:\\Users\\erich\\Heady\\lib\\constants.js","statementMap":{"0":{"start":{"line":6,"column":0},"end":{"line":35,"column":2}}},"fnMap":{},"branchMap":{},"s":{"0":1},"f":{},"b":{},"_coverageSchema":"1a1c01bbd47fc00a2c39e90264f33305004495a9","hash":"035751d50c0069d27e154892dbff2c8cc271efaa"}
,"C:\\Users\\erich\\Heady\\src\\mcp\\heady-graph-server.js": {"path":"C:\\Users\\erich\\Heady\\src\\mcp\\heady-graph-server.js","statementMap":{"0":{"start":{"line":6,"column":16},"end":{"line":6,"column":34}},"1":{"start":{"line":7,"column":47},"end":{"line":7,"column":79}},"2":{"start":{"line":8,"column":15},"end":{"line":8,"column":41}},"3":{"start":{"line":9,"column":18},"end":{"line":9,"column":48}},"4":{"start":{"line":11,"column":12},"end":{"line":11,"column":21}},"5":{"start":{"line":12,"column":0},"end":{"line":12,"column":24}},"6":{"start":{"line":15,"column":17},"end":{"line":15,"column":26}},"7":{"start":{"line":16,"column":22},"end":{"line":16,"column":31}},"8":{"start":{"line":17,"column":19},"end":{"line":17,"column":28}},"9":{"start":{"line":22,"column":0},"end":{"line":51,"column":3}},"10":{"start":{"line":23,"column":2},"end":{"line":50,"column":3}},"11":{"start":{"line":24,"column":67},"end":{"line":24,"column":75}},"12":{"start":{"line":26,"column":4},"end":{"line":28,"column":5}},"13":{"start":{"line":27,"column":6},"end":{"line":27,"column":63}},"14":{"start":{"line":30,"column":19},"end":{"line":37,"column":5}},"15":{"start":{"line":39,"column":4},"end":{"line":39,"column":36}},"16":{"start":{"line":42,"column":4},"end":{"line":44,"column":5}},"17":{"start":{"line":43,"column":6},"end":{"line":43,"column":69}},"18":{"start":{"line":45,"column":4},"end":{"line":45,"column":55}},"19":{"start":{"line":47,"column":4},"end":{"line":47,"column":34}},"20":{"start":{"line":49,"column":4},"end":{"line":49,"column":34}},"21":{"start":{"line":56,"column":0},"end":{"line":68,"column":3}},"22":{"start":{"line":57,"column":2},"end":{"line":67,"column":3}},"23":{"start":{"line":58,"column":19},"end":{"line":58,"column":46}},"24":{"start":{"line":60,"column":4},"end":{"line":62,"column":5}},"25":{"start":{"line":61,"column":6},"end":{"line":61,"column":53}},"26":{"start":{"line":64,"column":4},"end":{"line":64,"column":29}},"27":{"start":{"line":66,"column":4},"end":{"line":66,"column":34}},"28":{"start":{"line":73,"column":0},"end":{"line":107,"column":3}},"29":{"start":{"line":74,"column":2},"end":{"line":106,"column":3}},"30":{"start":{"line":75,"column":71},"end":{"line":75,"column":79}},"31":{"start":{"line":77,"column":4},"end":{"line":79,"column":5}},"32":{"start":{"line":78,"column":6},"end":{"line":78,"column":68}},"33":{"start":{"line":81,"column":4},"end":{"line":83,"column":5}},"34":{"start":{"line":82,"column":6},"end":{"line":82,"column":70}},"35":{"start":{"line":85,"column":25},"end":{"line":93,"column":5}},"36":{"start":{"line":95,"column":4},"end":{"line":95,"column":53}},"37":{"start":{"line":98,"column":4},"end":{"line":100,"column":5}},"38":{"start":{"line":99,"column":6},"end":{"line":99,"column":69}},"39":{"start":{"line":101,"column":4},"end":{"line":101,"column":66}},"40":{"start":{"line":103,"column":4},"end":{"line":103,"column":40}},"41":{"start":{"line":105,"column":4},"end":{"line":105,"column":34}},"42":{"start":{"line":112,"column":0},"end":{"line":157,"column":3}},"43":{"start":{"line":113,"column":2},"end":{"line":156,"column":3}},"44":{"start":{"line":114,"column":48},"end":{"line":114,"column":56}},"45":{"start":{"line":116,"column":4},"end":{"line":118,"column":5}},"46":{"start":{"line":117,"column":6},"end":{"line":117,"column":61}},"47":{"start":{"line":120,"column":29},"end":{"line":120,"column":47}},"48":{"start":{"line":121,"column":34},"end":{"line":121,"column":43}},"49":{"start":{"line":124,"column":23},"end":{"line":124,"column":41}},"50":{"start":{"line":126,"column":4},"end":{"line":146,"column":5}},"51":{"start":{"line":126,"column":17},"end":{"line":126,"column":18}},"52":{"start":{"line":127,"column":24},"end":{"line":127,"column":33}},"53":{"start":{"line":129,"column":6},"end":{"line":143,"column":7}},"54":{"start":{"line":130,"column":8},"end":{"line":130,"column":63}},"55":{"start":{"line":130,"column":54},"end":{"line":130,"column":63}},"56":{"start":{"line":132,"column":8},"end":{"line":136,"column":9}},"57":{"start":{"line":133,"column":10},"end":{"line":133,"column":44}},"58":{"start":{"line":134,"column":10},"end":{"line":134,"column":39}},"59":{"start":{"line":135,"column":10},"end":{"line":135,"column":32}},"60":{"start":{"line":138,"column":8},"end":{"line":142,"column":9}},"61":{"start":{"line":139,"column":10},"end":{"line":139,"column":44}},"62":{"start":{"line":140,"column":10},"end":{"line":140,"column":41}},"63":{"start":{"line":141,"column":10},"end":{"line":141,"column":34}},"64":{"start":{"line":145,"column":6},"end":{"line":145,"column":31}},"65":{"start":{"line":148,"column":19},"end":{"line":151,"column":5}},"66":{"start":{"line":149,"column":55},"end":{"line":149,"column":71}},"67":{"start":{"line":150,"column":65},"end":{"line":150,"column":86}},"68":{"start":{"line":153,"column":4},"end":{"line":153,"column":29}},"69":{"start":{"line":155,"column":4},"end":{"line":155,"column":34}},"70":{"start":{"line":162,"column":0},"end":{"line":185,"column":3}},"71":{"start":{"line":163,"column":2},"end":{"line":184,"column":3}},"72":{"start":{"line":164,"column":26},"end":{"line":164,"column":36}},"73":{"start":{"line":165,"column":15},"end":{"line":165,"column":40}},"74":{"start":{"line":167,"column":4},"end":{"line":169,"column":5}},"75":{"start":{"line":168,"column":6},"end":{"line":168,"column":56}},"76":{"start":{"line":171,"column":19},"end":{"line":179,"column":5}},"77":{"start":{"line":173,"column":38},"end":{"line":173,"column":54}},"78":{"start":{"line":174,"column":48},"end":{"line":174,"column":69}},"79":{"start":{"line":181,"column":4},"end":{"line":181,"column":29}},"80":{"start":{"line":183,"column":4},"end":{"line":183,"column":34}},"81":{"start":{"line":190,"column":0},"end":{"line":203,"column":3}},"82":{"start":{"line":191,"column":2},"end":{"line":202,"column":3}},"83":{"start":{"line":192,"column":20},"end":{"line":197,"column":5}},"84":{"start":{"line":199,"column":4},"end":{"line":199,"column":30}},"85":{"start":{"line":201,"column":4},"end":{"line":201,"column":34}},"86":{"start":{"line":208,"column":0},"end":{"line":215,"column":3}},"87":{"start":{"line":209,"column":2},"end":{"line":214,"column":5}},"88":{"start":{"line":217,"column":13},"end":{"line":217,"column":51}},"89":{"start":{"line":219,"column":0},"end":{"line":221,"column":3}},"90":{"start":{"line":220,"column":2},"end":{"line":220,"column":62}},"91":{"start":{"line":223,"column":0},"end":{"line":223,"column":21}}},"fnMap":{"0":{"name":"(anonymous_0)","decl":{"start":{"line":22,"column":32},"end":{"line":22,"column":33}},"loc":{"start":{"line":22,"column":46},"end":{"line":51,"column":1}},"line":22},"1":{"name":"(anonymous_1)","decl":{"start":{"line":56,"column":35},"end":{"line":56,"column":36}},"loc":{"start":{"line":56,"column":49},"end":{"line":68,"column":1}},"line":56},"2":{"name":"(anonymous_2)","decl":{"start":{"line":73,"column":37},"end":{"line":73,"column":38}},"loc":{"start":{"line":73,"column":51},"end":{"line":107,"column":1}},"line":73},"3":{"name":"(anonymous_3)","decl":{"start":{"line":112,"column":29},"end":{"line":112,"column":30}},"loc":{"start":{"line":112,"column":43},"end":{"line":157,"column":1}},"line":112},"4":{"name":"(anonymous_4)","decl":{"start":{"line":149,"column":49},"end":{"line":149,"column":50}},"loc":{"start":{"line":149,"column":55},"end":{"line":149,"column":71}},"line":149},"5":{"name":"(anonymous_5)","decl":{"start":{"line":150,"column":59},"end":{"line":150,"column":60}},"loc":{"start":{"line":150,"column":65},"end":{"line":150,"column":86}},"line":150},"6":{"name":"(anonymous_6)","decl":{"start":{"line":162,"column":43},"end":{"line":162,"column":44}},"loc":{"start":{"line":162,"column":57},"end":{"line":185,"column":1}},"line":162},"7":{"name":"(anonymous_7)","decl":{"start":{"line":173,"column":32},"end":{"line":173,"column":33}},"loc":{"start":{"line":173,"column":38},"end":{"line":173,"column":54}},"line":173},"8":{"name":"(anonymous_8)","decl":{"start":{"line":174,"column":42},"end":{"line":174,"column":43}},"loc":{"start":{"line":174,"column":48},"end":{"line":174,"column":69}},"line":174},"9":{"name":"(anonymous_9)","decl":{"start":{"line":190,"column":30},"end":{"line":190,"column":31}},"loc":{"start":{"line":190,"column":44},"end":{"line":203,"column":1}},"line":190},"10":{"name":"(anonymous_10)","decl":{"start":{"line":208,"column":19},"end":{"line":208,"column":20}},"loc":{"start":{"line":208,"column":33},"end":{"line":215,"column":1}},"line":208},"11":{"name":"(anonymous_11)","decl":{"start":{"line":219,"column":17},"end":{"line":219,"column":18}},"loc":{"start":{"line":219,"column":23},"end":{"line":221,"column":1}},"line":219}},"branchMap":{"0":{"loc":{"start":{"line":24,"column":24},"end":{"line":24,"column":39}},"type":"default-arg","locations":[{"start":{"line":24,"column":37},"end":{"line":24,"column":39}}],"line":24},"1":{"loc":{"start":{"line":24,"column":41},"end":{"line":24,"column":62}},"type":"default-arg","locations":[{"start":{"line":24,"column":53},"end":{"line":24,"column":62}}],"line":24},"2":{"loc":{"start":{"line":26,"column":4},"end":{"line":28,"column":5}},"type":"if","locations":[{"start":{"line":26,"column":4},"end":{"line":28,"column":5}},{"start":{},"end":{}}],"line":26},"3":{"loc":{"start":{"line":26,"column":8},"end":{"line":26,"column":22}},"type":"binary-expr","locations":[{"start":{"line":26,"column":8},"end":{"line":26,"column":13}},{"start":{"line":26,"column":17},"end":{"line":26,"column":22}}],"line":26},"4":{"loc":{"start":{"line":42,"column":4},"end":{"line":44,"column":5}},"type":"if","locations":[{"start":{"line":42,"column":4},"end":{"line":44,"column":5}},{"start":{},"end":{}}],"line":42},"5":{"loc":{"start":{"line":60,"column":4},"end":{"line":62,"column":5}},"type":"if","locations":[{"start":{"line":60,"column":4},"end":{"line":62,"column":5}},{"start":{},"end":{}}],"line":60},"6":{"loc":{"start":{"line":75,"column":28},"end":{"line":75,"column":43}},"type":"default-arg","locations":[{"start":{"line":75,"column":41},"end":{"line":75,"column":43}}],"line":75},"7":{"loc":{"start":{"line":75,"column":45},"end":{"line":75,"column":66}},"type":"default-arg","locations":[{"start":{"line":75,"column":57},"end":{"line":75,"column":66}}],"line":75},"8":{"loc":{"start":{"line":77,"column":4},"end":{"line":79,"column":5}},"type":"if","locations":[{"start":{"line":77,"column":4},"end":{"line":79,"column":5}},{"start":{},"end":{}}],"line":77},"9":{"loc":{"start":{"line":77,"column":8},"end":{"line":77,"column":29}},"type":"binary-expr","locations":[{"start":{"line":77,"column":8},"end":{"line":77,"column":13}},{"start":{"line":77,"column":17},"end":{"line":77,"column":20}},{"start":{"line":77,"column":24},"end":{"line":77,"column":29}}],"line":77},"10":{"loc":{"start":{"line":81,"column":4},"end":{"line":83,"column":5}},"type":"if","locations":[{"start":{"line":81,"column":4},"end":{"line":83,"column":5}},{"start":{},"end":{}}],"line":81},"11":{"loc":{"start":{"line":81,"column":8},"end":{"line":81,"column":48}},"type":"binary-expr","locations":[{"start":{"line":81,"column":8},"end":{"line":81,"column":27}},{"start":{"line":81,"column":31},"end":{"line":81,"column":48}}],"line":81},"12":{"loc":{"start":{"line":98,"column":4},"end":{"line":100,"column":5}},"type":"if","locations":[{"start":{"line":98,"column":4},"end":{"line":100,"column":5}},{"start":{},"end":{}}],"line":98},"13":{"loc":{"start":{"line":114,"column":23},"end":{"line":114,"column":32}},"type":"default-arg","locations":[{"start":{"line":114,"column":31},"end":{"line":114,"column":32}}],"line":114},"14":{"loc":{"start":{"line":116,"column":4},"end":{"line":118,"column":5}},"type":"if","locations":[{"start":{"line":116,"column":4},"end":{"line":118,"column":5}},{"start":{},"end":{}}],"line":116},"15":{"loc":{"start":{"line":116,"column":8},"end":{"line":116,"column":47}},"type":"binary-expr","locations":[{"start":{"line":116,"column":8},"end":{"line":116,"column":18}},{"start":{"line":116,"column":22},"end":{"line":116,"column":47}}],"line":116},"16":{"loc":{"start":{"line":130,"column":8},"end":{"line":130,"column":63}},"type":"if","locations":[{"start":{"line":130,"column":8},"end":{"line":130,"column":63}},{"start":{},"end":{}}],"line":130},"17":{"loc":{"start":{"line":130,"column":12},"end":{"line":130,"column":52}},"type":"binary-expr","locations":[{"start":{"line":130,"column":12},"end":{"line":130,"column":21}},{"start":{"line":130,"column":25},"end":{"line":130,"column":52}}],"line":130},"18":{"loc":{"start":{"line":132,"column":8},"end":{"line":136,"column":9}},"type":"if","locations":[{"start":{"line":132,"column":8},"end":{"line":136,"column":9}},{"start":{},"end":{}}],"line":132},"19":{"loc":{"start":{"line":138,"column":8},"end":{"line":142,"column":9}},"type":"if","locations":[{"start":{"line":138,"column":8},"end":{"line":142,"column":9}},{"start":{},"end":{}}],"line":138},"20":{"loc":{"start":{"line":167,"column":4},"end":{"line":169,"column":5}},"type":"if","locations":[{"start":{"line":167,"column":4},"end":{"line":169,"column":5}},{"start":{},"end":{}}],"line":167},"21":{"loc":{"start":{"line":217,"column":13},"end":{"line":217,"column":51}},"type":"binary-expr","locations":[{"start":{"line":217,"column":13},"end":{"line":217,"column":29}},{"start":{"line":217,"column":33},"end":{"line":217,"column":51}}],"line":217}},"s":{"0":1,"1":1,"2":1,"3":1,"4":1,"5":1,"6":1,"7":1,"8":1,"9":1,"10":0,"11":0,"12":0,"13":0,"14":0,"15":0,"16":0,"17":0,"18":0,"19":0,"20":0,"21":1,"22":0,"23":0,"24":0,"25":0,"26":0,"27":0,"28":1,"29":0,"30":0,"31":0,"32":0,"33":0,"34":0,"35":0,"36":0,"37":0,"38":0,"39":0,"40":0,"41":0,"42":1,"43":0,"44":0,"45":0,"46":0,"47":0,"48":0,"49":0,"50":0,"51":0,"52":0,"53":0,"54":0,"55":0,"56":0,"57":0,"58":0,"59":0,"60":0,"61":0,"62":0,"63":0,"64":0,"65":0,"66":0,"67":0,"68":0,"69":0,"70":1,"71":0,"72":0,"73":0,"74":0,"75":0,"76":0,"77":0,"78":0,"79":0,"80":0,"81":1,"82":0,"83":0,"84":0,"85":0,"86":1,"87":0,"88":1,"89":1,"90":0,"91":1},"f":{"0":0,"1":0,"2":0,"3":0,"4":0,"5":0,"6":0,"7":0,"8":0,"9":0,"10":0,"11":0},"b":{"0":[0],"1":[0],"2":[0,0],"3":[0,0],"4":[0,0],"5":[0,0],"6":[0],"7":[0],"8":[0,0],"9":[0,0,0],"10":[0,0],"11":[0,0],"12":[0,0],"13":[0],"14":[0,0],"15":[0,0],"16":[0,0],"17":[0,0],"18":[0,0],"19":[0,0],"20":[0,0],"21":[1,1]},"_coverageSchema":"1a1c01bbd47fc00a2c39e90264f33305004495a9","hash":"4411faaf8f84ccbbcf8b9f1176eebe77c3d39c0c"}
,"C:\\Users\\erich\\Heady\\src\\mcp\\heady-metrics-server.js": {"path":"C:\\Users\\erich\\Heady\\src\\mcp\\heady-metrics-server.js","statementMap":{"0":{"start":{"line":6,"column":16},"end":{"line":6,"column":34}},"1":{"start":{"line":7,"column":91},"end":{"line":7,"column":123}},"2":{"start":{"line":8,"column":27},"end":{"line":8,"column":57}},"3":{"start":{"line":10,"column":12},"end":{"line":10,"column":21}},"4":{"start":{"line":11,"column":0},"end":{"line":11,"column":24}},"5":{"start":{"line":14,"column":23},"end":{"line":14,"column":62}},"6":{"start":{"line":15,"column":19},"end":{"line":15,"column":28}},"7":{"start":{"line":20,"column":0},"end":{"line":34,"column":3}},"8":{"start":{"line":21,"column":2},"end":{"line":33,"column":3}},"9":{"start":{"line":22,"column":39},"end":{"line":22,"column":47}},"10":{"start":{"line":24,"column":4},"end":{"line":26,"column":5}},"11":{"start":{"line":25,"column":6},"end":{"line":25,"column":60}},"12":{"start":{"line":28,"column":4},"end":{"line":28,"column":39}},"13":{"start":{"line":30,"column":4},"end":{"line":30,"column":54}},"14":{"start":{"line":32,"column":4},"end":{"line":32,"column":34}},"15":{"start":{"line":39,"column":0},"end":{"line":56,"column":3}},"16":{"start":{"line":40,"column":2},"end":{"line":55,"column":3}},"17":{"start":{"line":41,"column":21},"end":{"line":41,"column":31}},"18":{"start":{"line":42,"column":27},"end":{"line":42,"column":36}},"19":{"start":{"line":44,"column":19},"end":{"line":44,"column":66}},"20":{"start":{"line":45,"column":20},"end":{"line":45,"column":51}},"21":{"start":{"line":47,"column":4},"end":{"line":52,"column":7}},"22":{"start":{"line":54,"column":4},"end":{"line":54,"column":34}},"23":{"start":{"line":61,"column":0},"end":{"line":85,"column":3}},"24":{"start":{"line":62,"column":2},"end":{"line":62,"column":15}},"25":{"start":{"line":64,"column":19},"end":{"line":80,"column":33}},"26":{"start":{"line":66,"column":16},"end":{"line":66,"column":26}},"27":{"start":{"line":67,"column":17},"end":{"line":67,"column":65}},"28":{"start":{"line":68,"column":20},"end":{"line":68,"column":45}},"29":{"start":{"line":70,"column":24},"end":{"line":77,"column":5}},"30":{"start":{"line":79,"column":4},"end":{"line":79,"column":41}},"31":{"start":{"line":82,"column":2},"end":{"line":84,"column":5}},"32":{"start":{"line":83,"column":4},"end":{"line":83,"column":28}},"33":{"start":{"line":91,"column":14},"end":{"line":91,"column":15}},"34":{"start":{"line":93,"column":2},"end":{"line":97,"column":3}},"35":{"start":{"line":93,"column":15},"end":{"line":93,"column":16}},"36":{"start":{"line":94,"column":17},"end":{"line":94,"column":31}},"37":{"start":{"line":95,"column":16},"end":{"line":95,"column":24}},"38":{"start":{"line":96,"column":4},"end":{"line":96,"column":49}},"39":{"start":{"line":99,"column":2},"end":{"line":99,"column":26}},"40":{"start":{"line":105,"column":0},"end":{"line":124,"column":3}},"41":{"start":{"line":106,"column":2},"end":{"line":123,"column":3}},"42":{"start":{"line":107,"column":24},"end":{"line":107,"column":34}},"43":{"start":{"line":108,"column":46},"end":{"line":108,"column":54}},"44":{"start":{"line":110,"column":24},"end":{"line":110,"column":79}},"45":{"start":{"line":112,"column":4},"end":{"line":118,"column":7}},"46":{"start":{"line":120,"column":4},"end":{"line":120,"column":47}},"47":{"start":{"line":122,"column":4},"end":{"line":122,"column":34}},"48":{"start":{"line":129,"column":0},"end":{"line":148,"column":3}},"49":{"start":{"line":130,"column":2},"end":{"line":147,"column":3}},"50":{"start":{"line":131,"column":21},"end":{"line":131,"column":23}},"51":{"start":{"line":133,"column":4},"end":{"line":135,"column":5}},"52":{"start":{"line":134,"column":6},"end":{"line":134,"column":31}},"53":{"start":{"line":137,"column":26},"end":{"line":139,"column":11}},"54":{"start":{"line":138,"column":59},"end":{"line":138,"column":78}},"55":{"start":{"line":141,"column":4},"end":{"line":144,"column":7}},"56":{"start":{"line":146,"column":4},"end":{"line":146,"column":34}},"57":{"start":{"line":153,"column":0},"end":{"line":160,"column":3}},"58":{"start":{"line":154,"column":2},"end":{"line":159,"column":5}},"59":{"start":{"line":162,"column":13},"end":{"line":162,"column":53}},"60":{"start":{"line":164,"column":0},"end":{"line":166,"column":3}},"61":{"start":{"line":165,"column":2},"end":{"line":165,"column":64}},"62":{"start":{"line":168,"column":0},"end":{"line":168,"column":21}}},"fnMap":{"0":{"name":"(anonymous_0)","decl":{"start":{"line":20,"column":32},"end":{"line":20,"column":33}},"loc":{"start":{"line":20,"column":46},"end":{"line":34,"column":1}},"line":20},"1":{"name":"(anonymous_1)","decl":{"start":{"line":39,"column":30},"end":{"line":39,"column":31}},"loc":{"start":{"line":39,"column":44},"end":{"line":56,"column":1}},"line":39},"2":{"name":"(anonymous_2)","decl":{"start":{"line":61,"column":31},"end":{"line":61,"column":32}},"loc":{"start":{"line":61,"column":45},"end":{"line":85,"column":1}},"line":61},"3":{"name":"(anonymous_3)","decl":{"start":{"line":64,"column":31},"end":{"line":64,"column":32}},"loc":{"start":{"line":64,"column":37},"end":{"line":80,"column":3}},"line":64},"4":{"name":"(anonymous_4)","decl":{"start":{"line":82,"column":18},"end":{"line":82,"column":19}},"loc":{"start":{"line":82,"column":24},"end":{"line":84,"column":3}},"line":82},"5":{"name":"generateFractalValue","decl":{"start":{"line":90,"column":9},"end":{"line":90,"column":29}},"loc":{"start":{"line":90,"column":36},"end":{"line":100,"column":1}},"line":90},"6":{"name":"(anonymous_6)","decl":{"start":{"line":105,"column":41},"end":{"line":105,"column":42}},"loc":{"start":{"line":105,"column":55},"end":{"line":124,"column":1}},"line":105},"7":{"name":"(anonymous_7)","decl":{"start":{"line":129,"column":31},"end":{"line":129,"column":32}},"loc":{"start":{"line":129,"column":45},"end":{"line":148,"column":1}},"line":129},"8":{"name":"(anonymous_8)","decl":{"start":{"line":138,"column":47},"end":{"line":138,"column":48}},"loc":{"start":{"line":138,"column":59},"end":{"line":138,"column":78}},"line":138},"9":{"name":"(anonymous_9)","decl":{"start":{"line":153,"column":19},"end":{"line":153,"column":20}},"loc":{"start":{"line":153,"column":33},"end":{"line":160,"column":1}},"line":153},"10":{"name":"(anonymous_10)","decl":{"start":{"line":164,"column":17},"end":{"line":164,"column":18}},"loc":{"start":{"line":164,"column":23},"end":{"line":166,"column":1}},"line":164}},"branchMap":{"0":{"loc":{"start":{"line":22,"column":25},"end":{"line":22,"column":34}},"type":"default-arg","locations":[{"start":{"line":22,"column":32},"end":{"line":22,"column":34}}],"line":22},"1":{"loc":{"start":{"line":24,"column":4},"end":{"line":26,"column":5}},"type":"if","locations":[{"start":{"line":24,"column":4},"end":{"line":26,"column":5}},{"start":{},"end":{}}],"line":24},"2":{"loc":{"start":{"line":24,"column":8},"end":{"line":24,"column":36}},"type":"binary-expr","locations":[{"start":{"line":24,"column":8},"end":{"line":24,"column":13}},{"start":{"line":24,"column":17},"end":{"line":24,"column":36}}],"line":24},"3":{"loc":{"start":{"line":42,"column":12},"end":{"line":42,"column":22}},"type":"default-arg","locations":[{"start":{"line":42,"column":20},"end":{"line":42,"column":22}}],"line":42},"4":{"loc":{"start":{"line":137,"column":26},"end":{"line":139,"column":11}},"type":"cond-expr","locations":[{"start":{"line":138,"column":8},"end":{"line":138,"column":100}},{"start":{"line":139,"column":8},"end":{"line":139,"column":11}}],"line":137},"5":{"loc":{"start":{"line":162,"column":13},"end":{"line":162,"column":53}},"type":"binary-expr","locations":[{"start":{"line":162,"column":13},"end":{"line":162,"column":29}},{"start":{"line":162,"column":33},"end":{"line":162,"column":53}}],"line":162}},"s":{"0":1,"1":1,"2":1,"3":1,"4":1,"5":1,"6":1,"7":1,"8":0,"9":0,"10":0,"11":0,"12":0,"13":0,"14":0,"15":1,"16":0,"17":0,"18":0,"19":0,"20":0,"21":0,"22":0,"23":1,"24":0,"25":0,"26":0,"27":0,"28":0,"29":0,"30":0,"31":0,"32":0,"33":0,"34":0,"35":0,"36":0,"37":0,"38":0,"39":0,"40":1,"41":0,"42":0,"43":0,"44":0,"45":0,"46":0,"47":0,"48":1,"49":0,"50":0,"51":0,"52":0,"53":0,"54":0,"55":0,"56":0,"57":1,"58":0,"59":1,"60":1,"61":0,"62":1},"f":{"0":0,"1":0,"2":0,"3":0,"4":0,"5":0,"6":0,"7":0,"8":0,"9":0,"10":0},"b":{"0":[0],"1":[0,0],"2":[0,0],"3":[0],"4":[0,0],"5":[1,1]},"_coverageSchema":"1a1c01bbd47fc00a2c39e90264f33305004495a9","hash":"5164b07dc5ed0855e4fe4158cb34e0d2f15afd30"}
,"C:\\Users\\erich\\Heady\\src\\mcp\\heady-workflow-server.js": {"path":"C:\\Users\\erich\\Heady\\src\\mcp\\heady-workflow-server.js","statementMap":{"0":{"start":{"line":6,"column":16},"end":{"line":6,"column":34}},"1":{"start":{"line":7,"column":98},"end":{"line":7,"column":130}},"2":{"start":{"line":8,"column":14},"end":{"line":8,"column":39}},"3":{"start":{"line":9,"column":36},"end":{"line":9,"column":66}},"4":{"start":{"line":11,"column":12},"end":{"line":11,"column":21}},"5":{"start":{"line":12,"column":0},"end":{"line":12,"column":24}},"6":{"start":{"line":15,"column":18},"end":{"line":15,"column":27}},"7":{"start":{"line":16,"column":14},"end":{"line":16,"column":23}},"8":{"start":{"line":17,"column":21},"end":{"line":17,"column":39}},"9":{"start":{"line":22,"column":0},"end":{"line":46,"column":3}},"10":{"start":{"line":23,"column":2},"end":{"line":45,"column":3}},"11":{"start":{"line":24,"column":69},"end":{"line":24,"column":77}},"12":{"start":{"line":26,"column":4},"end":{"line":28,"column":5}},"13":{"start":{"line":27,"column":6},"end":{"line":27,"column":50}},"14":{"start":{"line":30,"column":21},"end":{"line":38,"column":5}},"15":{"start":{"line":40,"column":4},"end":{"line":40,"column":41}},"16":{"start":{"line":42,"column":4},"end":{"line":42,"column":36}},"17":{"start":{"line":44,"column":4},"end":{"line":44,"column":34}},"18":{"start":{"line":51,"column":0},"end":{"line":80,"column":3}},"19":{"start":{"line":52,"column":2},"end":{"line":79,"column":3}},"20":{"start":{"line":53,"column":98},"end":{"line":53,"column":106}},"21":{"start":{"line":55,"column":4},"end":{"line":57,"column":5}},"22":{"start":{"line":56,"column":6},"end":{"line":56,"column":51}},"23":{"start":{"line":59,"column":17},"end":{"line":69,"column":5}},"24":{"start":{"line":71,"column":4},"end":{"line":71,"column":29}},"25":{"start":{"line":74,"column":4},"end":{"line":74,"column":44}},"26":{"start":{"line":76,"column":4},"end":{"line":76,"column":32}},"27":{"start":{"line":78,"column":4},"end":{"line":78,"column":34}},"28":{"start":{"line":85,"column":0},"end":{"line":111,"column":3}},"29":{"start":{"line":86,"column":2},"end":{"line":110,"column":3}},"30":{"start":{"line":87,"column":19},"end":{"line":87,"column":29}},"31":{"start":{"line":88,"column":23},"end":{"line":88,"column":31}},"32":{"start":{"line":90,"column":17},"end":{"line":90,"column":30}},"33":{"start":{"line":91,"column":4},"end":{"line":93,"column":5}},"34":{"start":{"line":92,"column":6},"end":{"line":92,"column":51}},"35":{"start":{"line":96,"column":4},"end":{"line":98,"column":5}},"36":{"start":{"line":97,"column":6},"end":{"line":97,"column":88}},"37":{"start":{"line":100,"column":22},"end":{"line":100,"column":33}},"38":{"start":{"line":101,"column":4},"end":{"line":101,"column":25}},"39":{"start":{"line":102,"column":4},"end":{"line":102,"column":46}},"40":{"start":{"line":105,"column":4},"end":{"line":105,"column":85}},"41":{"start":{"line":107,"column":4},"end":{"line":107,"column":27}},"42":{"start":{"line":109,"column":4},"end":{"line":109,"column":34}},"43":{"start":{"line":116,"column":0},"end":{"line":141,"column":3}},"44":{"start":{"line":117,"column":2},"end":{"line":140,"column":3}},"45":{"start":{"line":118,"column":46},"end":{"line":118,"column":55}},"46":{"start":{"line":120,"column":24},"end":{"line":120,"column":50}},"47":{"start":{"line":122,"column":4},"end":{"line":124,"column":5}},"48":{"start":{"line":123,"column":6},"end":{"line":123,"column":75}},"49":{"start":{"line":123,"column":48},"end":{"line":123,"column":73}},"50":{"start":{"line":126,"column":4},"end":{"line":128,"column":5}},"51":{"start":{"line":127,"column":6},"end":{"line":127,"column":69}},"52":{"start":{"line":127,"column":48},"end":{"line":127,"column":67}},"53":{"start":{"line":130,"column":4},"end":{"line":132,"column":5}},"54":{"start":{"line":131,"column":6},"end":{"line":131,"column":77}},"55":{"start":{"line":131,"column":48},"end":{"line":131,"column":75}},"56":{"start":{"line":134,"column":4},"end":{"line":137,"column":7}},"57":{"start":{"line":139,"column":4},"end":{"line":139,"column":34}},"58":{"start":{"line":146,"column":0},"end":{"line":158,"column":3}},"59":{"start":{"line":147,"column":2},"end":{"line":157,"column":3}},"60":{"start":{"line":148,"column":24},"end":{"line":149,"column":51}},"61":{"start":{"line":149,"column":19},"end":{"line":149,"column":50}},"62":{"start":{"line":151,"column":4},"end":{"line":154,"column":7}},"63":{"start":{"line":156,"column":4},"end":{"line":156,"column":34}},"64":{"start":{"line":163,"column":0},"end":{"line":183,"column":3}},"65":{"start":{"line":164,"column":2},"end":{"line":164,"column":15}},"66":{"start":{"line":166,"column":19},"end":{"line":170,"column":3}},"67":{"start":{"line":167,"column":30},"end":{"line":167,"column":64}},"68":{"start":{"line":168,"column":37},"end":{"line":168,"column":78}},"69":{"start":{"line":169,"column":38},"end":{"line":169,"column":80}},"70":{"start":{"line":173,"column":2},"end":{"line":175,"column":5}},"71":{"start":{"line":174,"column":4},"end":{"line":174,"column":36}},"72":{"start":{"line":178,"column":2},"end":{"line":182,"column":5}},"73":{"start":{"line":179,"column":4},"end":{"line":181,"column":7}},"74":{"start":{"line":180,"column":6},"end":{"line":180,"column":36}},"75":{"start":{"line":188,"column":0},"end":{"line":206,"column":3}},"76":{"start":{"line":189,"column":2},"end":{"line":205,"column":3}},"77":{"start":{"line":190,"column":19},"end":{"line":190,"column":29}},"78":{"start":{"line":191,"column":21},"end":{"line":191,"column":38}},"79":{"start":{"line":193,"column":4},"end":{"line":195,"column":5}},"80":{"start":{"line":194,"column":6},"end":{"line":194,"column":55}},"81":{"start":{"line":197,"column":4},"end":{"line":197,"column":41}},"82":{"start":{"line":198,"column":4},"end":{"line":198,"column":50}},"83":{"start":{"line":200,"column":4},"end":{"line":200,"column":52}},"84":{"start":{"line":202,"column":4},"end":{"line":202,"column":31}},"85":{"start":{"line":204,"column":4},"end":{"line":204,"column":34}},"86":{"start":{"line":211,"column":0},"end":{"line":218,"column":3}},"87":{"start":{"line":212,"column":2},"end":{"line":217,"column":5}},"88":{"start":{"line":220,"column":13},"end":{"line":220,"column":54}},"89":{"start":{"line":222,"column":0},"end":{"line":224,"column":3}},"90":{"start":{"line":223,"column":2},"end":{"line":223,"column":65}},"91":{"start":{"line":226,"column":0},"end":{"line":226,"column":21}}},"fnMap":{"0":{"name":"(anonymous_0)","decl":{"start":{"line":22,"column":27},"end":{"line":22,"column":28}},"loc":{"start":{"line":22,"column":41},"end":{"line":46,"column":1}},"line":22},"1":{"name":"(anonymous_1)","decl":{"start":{"line":51,"column":23},"end":{"line":51,"column":24}},"loc":{"start":{"line":51,"column":37},"end":{"line":80,"column":1}},"line":51},"2":{"name":"(anonymous_2)","decl":{"start":{"line":85,"column":35},"end":{"line":85,"column":36}},"loc":{"start":{"line":85,"column":49},"end":{"line":111,"column":1}},"line":85},"3":{"name":"(anonymous_3)","decl":{"start":{"line":116,"column":22},"end":{"line":116,"column":23}},"loc":{"start":{"line":116,"column":36},"end":{"line":141,"column":1}},"line":116},"4":{"name":"(anonymous_4)","decl":{"start":{"line":123,"column":43},"end":{"line":123,"column":44}},"loc":{"start":{"line":123,"column":48},"end":{"line":123,"column":73}},"line":123},"5":{"name":"(anonymous_5)","decl":{"start":{"line":127,"column":43},"end":{"line":127,"column":44}},"loc":{"start":{"line":127,"column":48},"end":{"line":127,"column":67}},"line":127},"6":{"name":"(anonymous_6)","decl":{"start":{"line":131,"column":43},"end":{"line":131,"column":44}},"loc":{"start":{"line":131,"column":48},"end":{"line":131,"column":75}},"line":131},"7":{"name":"(anonymous_7)","decl":{"start":{"line":146,"column":29},"end":{"line":146,"column":30}},"loc":{"start":{"line":146,"column":43},"end":{"line":158,"column":1}},"line":146},"8":{"name":"(anonymous_8)","decl":{"start":{"line":149,"column":14},"end":{"line":149,"column":15}},"loc":{"start":{"line":149,"column":19},"end":{"line":149,"column":50}},"line":149},"9":{"name":"(anonymous_9)","decl":{"start":{"line":163,"column":30},"end":{"line":163,"column":31}},"loc":{"start":{"line":163,"column":44},"end":{"line":183,"column":1}},"line":163},"10":{"name":"(anonymous_10)","decl":{"start":{"line":167,"column":20},"end":{"line":167,"column":21}},"loc":{"start":{"line":167,"column":30},"end":{"line":167,"column":64}},"line":167},"11":{"name":"(anonymous_11)","decl":{"start":{"line":168,"column":27},"end":{"line":168,"column":28}},"loc":{"start":{"line":168,"column":37},"end":{"line":168,"column":78}},"line":168},"12":{"name":"(anonymous_12)","decl":{"start":{"line":169,"column":24},"end":{"line":169,"column":25}},"loc":{"start":{"line":169,"column":38},"end":{"line":169,"column":80}},"line":169},"13":{"name":"(anonymous_13)","decl":{"start":{"line":173,"column":35},"end":{"line":173,"column":36}},"loc":{"start":{"line":173,"column":57},"end":{"line":175,"column":3}},"line":173},"14":{"name":"(anonymous_14)","decl":{"start":{"line":178,"column":18},"end":{"line":178,"column":19}},"loc":{"start":{"line":178,"column":24},"end":{"line":182,"column":3}},"line":178},"15":{"name":"(anonymous_15)","decl":{"start":{"line":179,"column":34},"end":{"line":179,"column":35}},"loc":{"start":{"line":179,"column":43},"end":{"line":181,"column":5}},"line":179},"16":{"name":"(anonymous_16)","decl":{"start":{"line":188,"column":39},"end":{"line":188,"column":40}},"loc":{"start":{"line":188,"column":53},"end":{"line":206,"column":1}},"line":188},"17":{"name":"(anonymous_17)","decl":{"start":{"line":211,"column":19},"end":{"line":211,"column":20}},"loc":{"start":{"line":211,"column":33},"end":{"line":218,"column":1}},"line":211},"18":{"name":"(anonymous_18)","decl":{"start":{"line":222,"column":17},"end":{"line":222,"column":18}},"loc":{"start":{"line":222,"column":23},"end":{"line":224,"column":1}},"line":222}},"branchMap":{"0":{"loc":{"start":{"line":24,"column":31},"end":{"line":24,"column":41}},"type":"default-arg","locations":[{"start":{"line":24,"column":39},"end":{"line":24,"column":41}}],"line":24},"1":{"loc":{"start":{"line":24,"column":43},"end":{"line":24,"column":64}},"type":"default-arg","locations":[{"start":{"line":24,"column":55},"end":{"line":24,"column":64}}],"line":24},"2":{"loc":{"start":{"line":26,"column":4},"end":{"line":28,"column":5}},"type":"if","locations":[{"start":{"line":26,"column":4},"end":{"line":28,"column":5}},{"start":{},"end":{}}],"line":26},"3":{"loc":{"start":{"line":53,"column":32},"end":{"line":53,"column":58}},"type":"default-arg","locations":[{"start":{"line":53,"column":43},"end":{"line":53,"column":58}}],"line":53},"4":{"loc":{"start":{"line":53,"column":60},"end":{"line":53,"column":81}},"type":"default-arg","locations":[{"start":{"line":53,"column":72},"end":{"line":53,"column":81}}],"line":53},"5":{"loc":{"start":{"line":55,"column":4},"end":{"line":57,"column":5}},"type":"if","locations":[{"start":{"line":55,"column":4},"end":{"line":57,"column":5}},{"start":{},"end":{}}],"line":55},"6":{"loc":{"start":{"line":91,"column":4},"end":{"line":93,"column":5}},"type":"if","locations":[{"start":{"line":91,"column":4},"end":{"line":93,"column":5}},{"start":{},"end":{}}],"line":91},"7":{"loc":{"start":{"line":96,"column":4},"end":{"line":98,"column":5}},"type":"if","locations":[{"start":{"line":96,"column":4},"end":{"line":98,"column":5}},{"start":{},"end":{}}],"line":96},"8":{"loc":{"start":{"line":122,"column":4},"end":{"line":124,"column":5}},"type":"if","locations":[{"start":{"line":122,"column":4},"end":{"line":124,"column":5}},{"start":{},"end":{}}],"line":122},"9":{"loc":{"start":{"line":126,"column":4},"end":{"line":128,"column":5}},"type":"if","locations":[{"start":{"line":126,"column":4},"end":{"line":128,"column":5}},{"start":{},"end":{}}],"line":126},"10":{"loc":{"start":{"line":130,"column":4},"end":{"line":132,"column":5}},"type":"if","locations":[{"start":{"line":130,"column":4},"end":{"line":132,"column":5}},{"start":{},"end":{}}],"line":130},"11":{"loc":{"start":{"line":193,"column":4},"end":{"line":195,"column":5}},"type":"if","locations":[{"start":{"line":193,"column":4},"end":{"line":195,"column":5}},{"start":{},"end":{}}],"line":193},"12":{"loc":{"start":{"line":220,"column":13},"end":{"line":220,"column":54}},"type":"binary-expr","locations":[{"start":{"line":220,"column":13},"end":{"line":220,"column":29}},{"start":{"line":220,"column":33},"end":{"line":220,"column":54}}],"line":220}},"s":{"0":1,"1":1,"2":1,"3":1,"4":1,"5":1,"6":1,"7":1,"8":1,"9":1,"10":0,"11":0,"12":0,"13":0,"14":0,"15":0,"16":0,"17":0,"18":1,"19":0,"20":0,"21":0,"22":0,"23":0,"24":0,"25":0,"26":0,"27":0,"28":1,"29":0,"30":0,"31":0,"32":0,"33":0,"34":0,"35":0,"36":0,"37":0,"38":0,"39":0,"40":0,"41":0,"42":0,"43":1,"44":0,"45":0,"46":0,"47":0,"48":0,"49":0,"50":0,"51":0,"52":0,"53":0,"54":0,"55":0,"56":0,"57":0,"58":1,"59":0,"60":0,"61":0,"62":0,"63":0,"64":1,"65":0,"66":0,"67":0,"68":0,"69":0,"70":0,"71":0,"72":0,"73":0,"74":0,"75":1,"76":0,"77":0,"78":0,"79":0,"80":0,"81":0,"82":0,"83":0,"84":0,"85":0,"86":1,"87":0,"88":1,"89":1,"90":0,"91":1},"f":{"0":0,"1":0,"2":0,"3":0,"4":0,"5":0,"6":0,"7":0,"8":0,"9":0,"10":0,"11":0,"12":0,"13":0,"14":0,"15":0,"16":0,"17":0,"18":0},"b":{"0":[0],"1":[0],"2":[0,0],"3":[0],"4":[0],"5":[0,0],"6":[0,0],"7":[0,0],"8":[0,0],"9":[0,0],"10":[0,0],"11":[0,0],"12":[1,1]},"_coverageSchema":"1a1c01bbd47fc00a2c39e90264f33305004495a9","hash":"44735a741e00127518c0124165b0f89301bebe2f"}
,"C:\\Users\\erich\\Heady\\src\\utils\\cache.js": {"path":"C:\\Users\\erich\\Heady\\src\\utils\\cache.js","statementMap":{"0":{"start":{"line":1,"column":18},"end":{"line":1,"column":39}},"1":{"start":{"line":4,"column":14},"end":{"line":4,"column":63}},"2":{"start":{"line":6,"column":0},"end":{"line":6,"column":27}}},"fnMap":{},"branchMap":{},"s":{"0":1,"1":1,"2":1},"f":{},"b":{},"_coverageSchema":"1a1c01bbd47fc00a2c39e90264f33305004495a9","hash":"0582eb7eaee35ee23dbab1dac7c1f146a4489274"}
,"C:\\Users\\erich\\Heady\\src\\utils\\logger.js": {"path":"C:\\Users\\erich\\Heady\\src\\utils\\logger.js","statementMap":{"0":{"start":{"line":1,"column":16},"end":{"line":1,"column":34}},"1":{"start":{"line":2,"column":13},"end":{"line":2,"column":28}},"2":{"start":{"line":5,"column":15},"end":{"line":11,"column":1}},"3":{"start":{"line":14,"column":15},"end":{"line":20,"column":1}},"4":{"start":{"line":23,"column":0},"end":{"line":23,"column":26}},"5":{"start":{"line":26,"column":15},"end":{"line":32,"column":1}},"6":{"start":{"line":30,"column":14},"end":{"line":30,"column":64}},"7":{"start":{"line":35,"column":19},"end":{"line":42,"column":1}},"8":{"start":{"line":45,"column":13},"end":{"line":50,"column":2}},"9":{"start":{"line":52,"column":0},"end":{"line":52,"column":26}}},"fnMap":{"0":{"name":"(anonymous_0)","decl":{"start":{"line":30,"column":4},"end":{"line":30,"column":5}},"loc":{"start":{"line":30,"column":14},"end":{"line":30,"column":64}},"line":30}},"branchMap":{"0":{"loc":{"start":{"line":46,"column":9},"end":{"line":46,"column":40}},"type":"binary-expr","locations":[{"start":{"line":46,"column":9},"end":{"line":46,"column":30}},{"start":{"line":46,"column":34},"end":{"line":46,"column":40}}],"line":46}},"s":{"0":1,"1":1,"2":1,"3":1,"4":1,"5":1,"6":0,"7":1,"8":1,"9":1},"f":{"0":0},"b":{"0":[1,1]},"_coverageSchema":"1a1c01bbd47fc00a2c39e90264f33305004495a9","hash":"caf04d676664c28699957d7b7ab844809412d505"}
,"C:\\Users\\erich\\Heady\\src\\utils\\queue.js": {"path":"C:\\Users\\erich\\Heady\\src\\utils\\queue.js","statementMap":{"0":{"start":{"line":1,"column":14},"end":{"line":1,"column":29}},"1":{"start":{"line":3,"column":15},"end":{"line":3,"column":17}},"2":{"start":{"line":5,"column":17},"end":{"line":10,"column":1}},"3":{"start":{"line":6,"column":2},"end":{"line":8,"column":3}},"4":{"start":{"line":7,"column":4},"end":{"line":7,"column":86}},"5":{"start":{"line":9,"column":2},"end":{"line":9,"column":22}},"6":{"start":{"line":12,"column":0},"end":{"line":12,"column":30}}},"fnMap":{"0":{"name":"(anonymous_0)","decl":{"start":{"line":5,"column":17},"end":{"line":5,"column":18}},"loc":{"start":{"line":5,"column":27},"end":{"line":10,"column":1}},"line":5}},"branchMap":{"0":{"loc":{"start":{"line":6,"column":2},"end":{"line":8,"column":3}},"type":"if","locations":[{"start":{"line":6,"column":2},"end":{"line":8,"column":3}},{"start":{},"end":{}}],"line":6},"1":{"loc":{"start":{"line":7,"column":35},"end":{"line":7,"column":84}},"type":"binary-expr","locations":[{"start":{"line":7,"column":35},"end":{"line":7,"column":56}},{"start":{"line":7,"column":60},"end":{"line":7,"column":84}}],"line":7}},"s":{"0":1,"1":1,"2":1,"3":0,"4":0,"5":0,"6":1},"f":{"0":0},"b":{"0":[0,0],"1":[0,0]},"_coverageSchema":"1a1c01bbd47fc00a2c39e90264f33305004495a9","hash":"0872aa420347e4304c888d7d4a1a5118c530bf35"}
,"C:\\Users\\erich\\Heady\\src\\utils\\shared-utils.js": {"path":"C:\\Users\\erich\\Heady\\src\\utils\\shared-utils.js","statementMap":{"0":{"start":{"line":10,"column":2},"end":{"line":10,"column":34}},"1":{"start":{"line":17,"column":2},"end":{"line":21,"column":5}},"2":{"start":{"line":25,"column":2},"end":{"line":29,"column":5}},"3":{"start":{"line":36,"column":2},"end":{"line":36,"column":53}},"4":{"start":{"line":37,"column":2},"end":{"line":37,"column":45}},"5":{"start":{"line":38,"column":2},"end":{"line":38,"column":44}},"6":{"start":{"line":39,"column":2},"end":{"line":39,"column":52}},"7":{"start":{"line":40,"column":2},"end":{"line":40,"column":21}},"8":{"start":{"line":44,"column":2},"end":{"line":44,"column":33}},"9":{"start":{"line":45,"column":2},"end":{"line":45,"column":49}},"10":{"start":{"line":52,"column":2},"end":{"line":52,"column":65}},"11":{"start":{"line":56,"column":14},"end":{"line":56,"column":24}},"12":{"start":{"line":57,"column":18},"end":{"line":57,"column":20}},"13":{"start":{"line":59,"column":2},"end":{"line":64,"column":3}},"14":{"start":{"line":60,"column":4},"end":{"line":63,"column":5}},"15":{"start":{"line":61,"column":6},"end":{"line":61,"column":22}},"16":{"start":{"line":62,"column":6},"end":{"line":62,"column":24}},"17":{"start":{"line":66,"column":2},"end":{"line":66,"column":17}},"18":{"start":{"line":73,"column":56},"end":{"line":73,"column":63}},"19":{"start":{"line":75,"column":14},"end":{"line":75,"column":17}},"20":{"start":{"line":78,"column":2},"end":{"line":80,"column":41}},"21":{"start":{"line":78,"column":23},"end":{"line":78,"column":35}},"22":{"start":{"line":79,"column":7},"end":{"line":80,"column":41}},"23":{"start":{"line":79,"column":29},"end":{"line":79,"column":41}},"24":{"start":{"line":80,"column":7},"end":{"line":80,"column":41}},"25":{"start":{"line":80,"column":29},"end":{"line":80,"column":41}},"26":{"start":{"line":83,"column":2},"end":{"line":85,"column":40}},"27":{"start":{"line":83,"column":25},"end":{"line":83,"column":37}},"28":{"start":{"line":84,"column":7},"end":{"line":85,"column":40}},"29":{"start":{"line":84,"column":30},"end":{"line":84,"column":42}},"30":{"start":{"line":85,"column":7},"end":{"line":85,"column":40}},"31":{"start":{"line":85,"column":29},"end":{"line":85,"column":40}},"32":{"start":{"line":88,"column":2},"end":{"line":88,"column":37}},"33":{"start":{"line":88,"column":25},"end":{"line":88,"column":37}},"34":{"start":{"line":90,"column":2},"end":{"line":90,"column":43}},"35":{"start":{"line":97,"column":2},"end":{"line":97,"column":78}},"36":{"start":{"line":105,"column":4},"end":{"line":105,"column":30}},"37":{"start":{"line":109,"column":4},"end":{"line":111,"column":5}},"38":{"start":{"line":110,"column":6},"end":{"line":110,"column":35}},"39":{"start":{"line":112,"column":4},"end":{"line":112,"column":43}},"40":{"start":{"line":116,"column":21},"end":{"line":116,"column":51}},"41":{"start":{"line":117,"column":4},"end":{"line":123,"column":7}},"42":{"start":{"line":118,"column":6},"end":{"line":122,"column":7}},"43":{"start":{"line":119,"column":8},"end":{"line":119,"column":22}},"44":{"start":{"line":121,"column":8},"end":{"line":121,"column":69}},"45":{"start":{"line":127,"column":4},"end":{"line":127,"column":32}},"46":{"start":{"line":136,"column":4},"end":{"line":136,"column":29}},"47":{"start":{"line":137,"column":4},"end":{"line":137,"column":33}},"48":{"start":{"line":141,"column":4},"end":{"line":143,"column":5}},"49":{"start":{"line":142,"column":6},"end":{"line":142,"column":33}},"50":{"start":{"line":145,"column":20},"end":{"line":145,"column":42}},"51":{"start":{"line":146,"column":4},"end":{"line":146,"column":51}},"52":{"start":{"line":149,"column":4},"end":{"line":151,"column":5}},"53":{"start":{"line":150,"column":6},"end":{"line":150,"column":22}},"54":{"start":{"line":155,"column":20},"end":{"line":155,"column":48}},"55":{"start":{"line":156,"column":4},"end":{"line":156,"column":39}},"56":{"start":{"line":156,"column":30},"end":{"line":156,"column":39}},"57":{"start":{"line":158,"column":16},"end":{"line":158,"column":60}},"58":{"start":{"line":158,"column":43},"end":{"line":158,"column":56}},"59":{"start":{"line":159,"column":4},"end":{"line":159,"column":32}},"60":{"start":{"line":163,"column":20},"end":{"line":163,"column":48}},"61":{"start":{"line":164,"column":4},"end":{"line":164,"column":33}},"62":{"start":{"line":173,"column":4},"end":{"line":173,"column":35}},"63":{"start":{"line":174,"column":4},"end":{"line":174,"column":29}},"64":{"start":{"line":175,"column":4},"end":{"line":175,"column":30}},"65":{"start":{"line":179,"column":16},"end":{"line":179,"column":26}},"66":{"start":{"line":180,"column":21},"end":{"line":180,"column":49}},"67":{"start":{"line":183,"column":26},"end":{"line":183,"column":79}},"68":{"start":{"line":183,"column":50},"end":{"line":183,"column":78}},"69":{"start":{"line":185,"column":4},"end":{"line":187,"column":5}},"70":{"start":{"line":186,"column":6},"end":{"line":186,"column":19}},"71":{"start":{"line":189,"column":4},"end":{"line":189,"column":28}},"72":{"start":{"line":190,"column":4},"end":{"line":190,"column":42}},"73":{"start":{"line":191,"column":4},"end":{"line":191,"column":16}},"74":{"start":{"line":195,"column":4},"end":{"line":195,"column":30}},"75":{"start":{"line":202,"column":26},"end":{"line":208,"column":1}},"76":{"start":{"line":211,"column":18},"end":{"line":211,"column":53}},"77":{"start":{"line":212,"column":2},"end":{"line":212,"column":36}},"78":{"start":{"line":219,"column":2},"end":{"line":219,"column":57}},"79":{"start":{"line":219,"column":32},"end":{"line":219,"column":55}},"80":{"start":{"line":225,"column":2},"end":{"line":236,"column":3}},"81":{"start":{"line":225,"column":21},"end":{"line":225,"column":22}},"82":{"start":{"line":226,"column":4},"end":{"line":235,"column":5}},"83":{"start":{"line":227,"column":6},"end":{"line":227,"column":31}},"84":{"start":{"line":229,"column":6},"end":{"line":229,"column":24}},"85":{"start":{"line":231,"column":6},"end":{"line":234,"column":7}},"86":{"start":{"line":232,"column":22},"end":{"line":232,"column":54}},"87":{"start":{"line":233,"column":8},"end":{"line":233,"column":27}},"88":{"start":{"line":238,"column":2},"end":{"line":238,"column":18}},"89":{"start":{"line":245,"column":18},"end":{"line":245,"column":20}},"90":{"start":{"line":247,"column":2},"end":{"line":251,"column":3}},"91":{"start":{"line":247,"column":15},"end":{"line":247,"column":16}},"92":{"start":{"line":248,"column":18},"end":{"line":248,"column":47}},"93":{"start":{"line":249,"column":25},"end":{"line":249,"column":64}},"94":{"start":{"line":250,"column":4},"end":{"line":250,"column":34}},"95":{"start":{"line":253,"column":2},"end":{"line":253,"column":17}},"96":{"start":{"line":260,"column":18},"end":{"line":260,"column":20}},"97":{"start":{"line":262,"column":2},"end":{"line":266,"column":3}},"98":{"start":{"line":263,"column":4},"end":{"line":265,"column":5}},"99":{"start":{"line":264,"column":6},"end":{"line":264,"column":26}},"100":{"start":{"line":268,"column":2},"end":{"line":270,"column":3}},"101":{"start":{"line":269,"column":4},"end":{"line":269,"column":77}},"102":{"start":{"line":272,"column":2},"end":{"line":272,"column":14}},"103":{"start":{"line":275,"column":0},"end":{"line":315,"column":2}}},"fnMap":{"0":{"name":"getTimestamp","decl":{"start":{"line":9,"column":9},"end":{"line":9,"column":21}},"loc":{"start":{"line":9,"column":24},"end":{"line":11,"column":1}},"line":9},"1":{"name":"sendSuccess","decl":{"start":{"line":16,"column":9},"end":{"line":16,"column":20}},"loc":{"start":{"line":16,"column":50},"end":{"line":22,"column":1}},"line":16},"2":{"name":"sendError","decl":{"start":{"line":24,"column":9},"end":{"line":24,"column":18}},"loc":{"start":{"line":24,"column":51},"end":{"line":30,"column":1}},"line":24},"3":{"name":"initSSE","decl":{"start":{"line":35,"column":9},"end":{"line":35,"column":16}},"loc":{"start":{"line":35,"column":22},"end":{"line":41,"column":1}},"line":35},"4":{"name":"sendSSE","decl":{"start":{"line":43,"column":9},"end":{"line":43,"column":16}},"loc":{"start":{"line":43,"column":35},"end":{"line":46,"column":1}},"line":43},"5":{"name":"getMapSize","decl":{"start":{"line":51,"column":9},"end":{"line":51,"column":19}},"loc":{"start":{"line":51,"column":25},"end":{"line":53,"column":1}},"line":51},"6":{"name":"clearMapOlderThan","decl":{"start":{"line":55,"column":9},"end":{"line":55,"column":26}},"loc":{"start":{"line":55,"column":40},"end":{"line":67,"column":1}},"line":55},"7":{"name":"calculateHealthScore","decl":{"start":{"line":72,"column":9},"end":{"line":72,"column":29}},"loc":{"start":{"line":72,"column":39},"end":{"line":91,"column":1}},"line":72},"8":{"name":"generateId","decl":{"start":{"line":96,"column":9},"end":{"line":96,"column":19}},"loc":{"start":{"line":96,"column":35},"end":{"line":98,"column":1}},"line":96},"9":{"name":"(anonymous_9)","decl":{"start":{"line":104,"column":2},"end":{"line":104,"column":3}},"loc":{"start":{"line":104,"column":16},"end":{"line":106,"column":3}},"line":104},"10":{"name":"(anonymous_10)","decl":{"start":{"line":108,"column":2},"end":{"line":108,"column":3}},"loc":{"start":{"line":108,"column":21},"end":{"line":113,"column":3}},"line":108},"11":{"name":"(anonymous_11)","decl":{"start":{"line":115,"column":2},"end":{"line":115,"column":3}},"loc":{"start":{"line":115,"column":20},"end":{"line":124,"column":3}},"line":115},"12":{"name":"(anonymous_12)","decl":{"start":{"line":117,"column":21},"end":{"line":117,"column":22}},"loc":{"start":{"line":117,"column":32},"end":{"line":123,"column":5}},"line":117},"13":{"name":"(anonymous_13)","decl":{"start":{"line":126,"column":2},"end":{"line":126,"column":3}},"loc":{"start":{"line":126,"column":19},"end":{"line":128,"column":3}},"line":126},"14":{"name":"(anonymous_14)","decl":{"start":{"line":135,"column":2},"end":{"line":135,"column":3}},"loc":{"start":{"line":135,"column":32},"end":{"line":138,"column":3}},"line":135},"15":{"name":"(anonymous_15)","decl":{"start":{"line":140,"column":2},"end":{"line":140,"column":3}},"loc":{"start":{"line":140,"column":22},"end":{"line":152,"column":3}},"line":140},"16":{"name":"(anonymous_16)","decl":{"start":{"line":154,"column":2},"end":{"line":154,"column":3}},"loc":{"start":{"line":154,"column":19},"end":{"line":160,"column":3}},"line":154},"17":{"name":"(anonymous_17)","decl":{"start":{"line":158,"column":31},"end":{"line":158,"column":32}},"loc":{"start":{"line":158,"column":43},"end":{"line":158,"column":56}},"line":158},"18":{"name":"(anonymous_18)","decl":{"start":{"line":162,"column":2},"end":{"line":162,"column":3}},"loc":{"start":{"line":162,"column":30},"end":{"line":165,"column":3}},"line":162},"19":{"name":"(anonymous_19)","decl":{"start":{"line":172,"column":2},"end":{"line":172,"column":3}},"loc":{"start":{"line":172,"column":51},"end":{"line":176,"column":3}},"line":172},"20":{"name":"(anonymous_20)","decl":{"start":{"line":178,"column":2},"end":{"line":178,"column":3}},"loc":{"start":{"line":178,"column":17},"end":{"line":192,"column":3}},"line":178},"21":{"name":"(anonymous_21)","decl":{"start":{"line":183,"column":42},"end":{"line":183,"column":43}},"loc":{"start":{"line":183,"column":50},"end":{"line":183,"column":78}},"line":183},"22":{"name":"(anonymous_22)","decl":{"start":{"line":194,"column":2},"end":{"line":194,"column":3}},"loc":{"start":{"line":194,"column":13},"end":{"line":196,"column":3}},"line":194},"23":{"name":"isValidTransition","decl":{"start":{"line":210,"column":9},"end":{"line":210,"column":26}},"loc":{"start":{"line":210,"column":49},"end":{"line":213,"column":1}},"line":210},"24":{"name":"sleep","decl":{"start":{"line":218,"column":15},"end":{"line":218,"column":20}},"loc":{"start":{"line":218,"column":25},"end":{"line":220,"column":1}},"line":218},"25":{"name":"(anonymous_25)","decl":{"start":{"line":219,"column":21},"end":{"line":219,"column":22}},"loc":{"start":{"line":219,"column":32},"end":{"line":219,"column":55}},"line":219},"26":{"name":"retryOperation","decl":{"start":{"line":222,"column":15},"end":{"line":222,"column":29}},"loc":{"start":{"line":222,"column":68},"end":{"line":239,"column":1}},"line":222},"27":{"name":"processBatch","decl":{"start":{"line":244,"column":15},"end":{"line":244,"column":27}},"loc":{"start":{"line":244,"column":62},"end":{"line":254,"column":1}},"line":244},"28":{"name":"validateConfig","decl":{"start":{"line":259,"column":9},"end":{"line":259,"column":23}},"loc":{"start":{"line":259,"column":48},"end":{"line":273,"column":1}},"line":259}},"branchMap":{"0":{"loc":{"start":{"line":16,"column":32},"end":{"line":16,"column":48}},"type":"default-arg","locations":[{"start":{"line":16,"column":45},"end":{"line":16,"column":48}}],"line":16},"1":{"loc":{"start":{"line":24,"column":33},"end":{"line":24,"column":49}},"type":"default-arg","locations":[{"start":{"line":24,"column":46},"end":{"line":24,"column":49}}],"line":24},"2":{"loc":{"start":{"line":52,"column":9},"end":{"line":52,"column":64}},"type":"cond-expr","locations":[{"start":{"line":52,"column":30},"end":{"line":52,"column":38}},{"start":{"line":52,"column":41},"end":{"line":52,"column":64}}],"line":52},"3":{"loc":{"start":{"line":60,"column":4},"end":{"line":63,"column":5}},"type":"if","locations":[{"start":{"line":60,"column":4},"end":{"line":63,"column":5}},{"start":{},"end":{}}],"line":60},"4":{"loc":{"start":{"line":60,"column":8},"end":{"line":60,"column":59}},"type":"binary-expr","locations":[{"start":{"line":60,"column":8},"end":{"line":60,"column":23}},{"start":{"line":60,"column":27},"end":{"line":60,"column":59}}],"line":60},"5":{"loc":{"start":{"line":73,"column":10},"end":{"line":73,"column":20}},"type":"default-arg","locations":[{"start":{"line":73,"column":19},"end":{"line":73,"column":20}}],"line":73},"6":{"loc":{"start":{"line":73,"column":22},"end":{"line":73,"column":35}},"type":"default-arg","locations":[{"start":{"line":73,"column":34},"end":{"line":73,"column":35}}],"line":73},"7":{"loc":{"start":{"line":73,"column":37},"end":{"line":73,"column":51}},"type":"default-arg","locations":[{"start":{"line":73,"column":50},"end":{"line":73,"column":51}}],"line":73},"8":{"loc":{"start":{"line":78,"column":2},"end":{"line":80,"column":41}},"type":"if","locations":[{"start":{"line":78,"column":2},"end":{"line":80,"column":41}},{"start":{"line":79,"column":7},"end":{"line":80,"column":41}}],"line":78},"9":{"loc":{"start":{"line":79,"column":7},"end":{"line":80,"column":41}},"type":"if","locations":[{"start":{"line":79,"column":7},"end":{"line":80,"column":41}},{"start":{"line":80,"column":7},"end":{"line":80,"column":41}}],"line":79},"10":{"loc":{"start":{"line":80,"column":7},"end":{"line":80,"column":41}},"type":"if","locations":[{"start":{"line":80,"column":7},"end":{"line":80,"column":41}},{"start":{},"end":{}}],"line":80},"11":{"loc":{"start":{"line":83,"column":2},"end":{"line":85,"column":40}},"type":"if","locations":[{"start":{"line":83,"column":2},"end":{"line":85,"column":40}},{"start":{"line":84,"column":7},"end":{"line":85,"column":40}}],"line":83},"12":{"loc":{"start":{"line":84,"column":7},"end":{"line":85,"column":40}},"type":"if","locations":[{"start":{"line":84,"column":7},"end":{"line":85,"column":40}},{"start":{"line":85,"column":7},"end":{"line":85,"column":40}}],"line":84},"13":{"loc":{"start":{"line":85,"column":7},"end":{"line":85,"column":40}},"type":"if","locations":[{"start":{"line":85,"column":7},"end":{"line":85,"column":40}},{"start":{},"end":{}}],"line":85},"14":{"loc":{"start":{"line":88,"column":2},"end":{"line":88,"column":37}},"type":"if","locations":[{"start":{"line":88,"column":2},"end":{"line":88,"column":37}},{"start":{},"end":{}}],"line":88},"15":{"loc":{"start":{"line":96,"column":20},"end":{"line":96,"column":33}},"type":"default-arg","locations":[{"start":{"line":96,"column":29},"end":{"line":96,"column":33}}],"line":96},"16":{"loc":{"start":{"line":109,"column":4},"end":{"line":111,"column":5}},"type":"if","locations":[{"start":{"line":109,"column":4},"end":{"line":111,"column":5}},{"start":{},"end":{}}],"line":109},"17":{"loc":{"start":{"line":116,"column":21},"end":{"line":116,"column":51}},"type":"binary-expr","locations":[{"start":{"line":116,"column":21},"end":{"line":116,"column":45}},{"start":{"line":116,"column":49},"end":{"line":116,"column":51}}],"line":116},"18":{"loc":{"start":{"line":135,"column":14},"end":{"line":135,"column":30}},"type":"default-arg","locations":[{"start":{"line":135,"column":27},"end":{"line":135,"column":30}}],"line":135},"19":{"loc":{"start":{"line":141,"column":4},"end":{"line":143,"column":5}},"type":"if","locations":[{"start":{"line":141,"column":4},"end":{"line":143,"column":5}},{"start":{},"end":{}}],"line":141},"20":{"loc":{"start":{"line":149,"column":4},"end":{"line":151,"column":5}},"type":"if","locations":[{"start":{"line":149,"column":4},"end":{"line":151,"column":5}},{"start":{},"end":{}}],"line":149},"21":{"loc":{"start":{"line":155,"column":20},"end":{"line":155,"column":48}},"type":"binary-expr","locations":[{"start":{"line":155,"column":20},"end":{"line":155,"column":42}},{"start":{"line":155,"column":46},"end":{"line":155,"column":48}}],"line":155},"22":{"loc":{"start":{"line":156,"column":4},"end":{"line":156,"column":39}},"type":"if","locations":[{"start":{"line":156,"column":4},"end":{"line":156,"column":39}},{"start":{},"end":{}}],"line":156},"23":{"loc":{"start":{"line":162,"column":18},"end":{"line":162,"column":28}},"type":"default-arg","locations":[{"start":{"line":162,"column":26},"end":{"line":162,"column":28}}],"line":162},"24":{"loc":{"start":{"line":163,"column":20},"end":{"line":163,"column":48}},"type":"binary-expr","locations":[{"start":{"line":163,"column":20},"end":{"line":163,"column":42}},{"start":{"line":163,"column":46},"end":{"line":163,"column":48}}],"line":163},"25":{"loc":{"start":{"line":172,"column":14},"end":{"line":172,"column":31}},"type":"default-arg","locations":[{"start":{"line":172,"column":28},"end":{"line":172,"column":31}}],"line":172},"26":{"loc":{"start":{"line":172,"column":33},"end":{"line":172,"column":49}},"type":"default-arg","locations":[{"start":{"line":172,"column":44},"end":{"line":172,"column":49}}],"line":172},"27":{"loc":{"start":{"line":180,"column":21},"end":{"line":180,"column":49}},"type":"binary-expr","locations":[{"start":{"line":180,"column":21},"end":{"line":180,"column":43}},{"start":{"line":180,"column":47},"end":{"line":180,"column":49}}],"line":180},"28":{"loc":{"start":{"line":185,"column":4},"end":{"line":187,"column":5}},"type":"if","locations":[{"start":{"line":185,"column":4},"end":{"line":187,"column":5}},{"start":{},"end":{}}],"line":185},"29":{"loc":{"start":{"line":211,"column":18},"end":{"line":211,"column":53}},"type":"binary-expr","locations":[{"start":{"line":211,"column":18},"end":{"line":211,"column":47}},{"start":{"line":211,"column":51},"end":{"line":211,"column":53}}],"line":211},"30":{"loc":{"start":{"line":222,"column":34},"end":{"line":222,"column":48}},"type":"default-arg","locations":[{"start":{"line":222,"column":47},"end":{"line":222,"column":48}}],"line":222},"31":{"loc":{"start":{"line":222,"column":50},"end":{"line":222,"column":66}},"type":"default-arg","locations":[{"start":{"line":222,"column":62},"end":{"line":222,"column":66}}],"line":222},"32":{"loc":{"start":{"line":231,"column":6},"end":{"line":234,"column":7}},"type":"if","locations":[{"start":{"line":231,"column":6},"end":{"line":234,"column":7}},{"start":{},"end":{}}],"line":231},"33":{"loc":{"start":{"line":244,"column":46},"end":{"line":244,"column":60}},"type":"default-arg","locations":[{"start":{"line":244,"column":58},"end":{"line":244,"column":60}}],"line":244},"34":{"loc":{"start":{"line":263,"column":4},"end":{"line":265,"column":5}},"type":"if","locations":[{"start":{"line":263,"column":4},"end":{"line":265,"column":5}},{"start":{},"end":{}}],"line":263},"35":{"loc":{"start":{"line":263,"column":8},"end":{"line":263,"column":83}},"type":"binary-expr","locations":[{"start":{"line":263,"column":8},"end":{"line":263,"column":26}},{"start":{"line":263,"column":30},"end":{"line":263,"column":57}},{"start":{"line":263,"column":61},"end":{"line":263,"column":83}}],"line":263},"36":{"loc":{"start":{"line":268,"column":2},"end":{"line":270,"column":3}},"type":"if","locations":[{"start":{"line":268,"column":2},"end":{"line":270,"column":3}},{"start":{},"end":{}}],"line":268}},"s":{"0":0,"1":0,"2":0,"3":0,"4":0,"5":0,"6":0,"7":0,"8":0,"9":0,"10":0,"11":0,"12":0,"13":0,"14":0,"15":0,"16":0,"17":0,"18":0,"19":0,"20":0,"21":0,"22":0,"23":0,"24":0,"25":0,"26":0,"27":0,"28":0,"29":0,"30":0,"31":0,"32":0,"33":0,"34":0,"35":2,"36":1,"37":0,"38":0,"39":0,"40":0,"41":0,"42":0,"43":0,"44":0,"45":0,"46":1,"47":1,"48":0,"49":0,"50":0,"51":0,"52":0,"53":0,"54":0,"55":0,"56":0,"57":0,"58":0,"59":0,"60":0,"61":0,"62":0,"63":0,"64":0,"65":0,"66":0,"67":0,"68":0,"69":0,"70":0,"71":0,"72":0,"73":0,"74":0,"75":1,"76":0,"77":0,"78":0,"79":0,"80":0,"81":0,"82":0,"83":0,"84":0,"85":0,"86":0,"87":0,"88":0,"89":0,"90":0,"91":0,"92":0,"93":0,"94":0,"95":0,"96":0,"97":0,"98":0,"99":0,"100":0,"101":0,"102":0,"103":1},"f":{"0":0,"1":0,"2":0,"3":0,"4":0,"5":0,"6":0,"7":0,"8":2,"9":1,"10":0,"11":0,"12":0,"13":0,"14":1,"15":0,"16":0,"17":0,"18":0,"19":0,"20":0,"21":0,"22":0,"23":0,"24":0,"25":0,"26":0,"27":0,"28":0},"b":{"0":[0],"1":[0],"2":[0,0],"3":[0,0],"4":[0,0],"5":[0],"6":[0],"7":[0],"8":[0,0],"9":[0,0],"10":[0,0],"11":[0,0],"12":[0,0],"13":[0,0],"14":[0,0],"15":[0],"16":[0,0],"17":[0,0],"18":[0],"19":[0,0],"20":[0,0],"21":[0,0],"22":[0,0],"23":[0],"24":[0,0],"25":[0],"26":[0],"27":[0,0],"28":[0,0],"29":[0,0],"30":[0],"31":[0],"32":[0,0],"33":[0],"34":[0,0],"35":[0,0,0],"36":[0,0]},"_coverageSchema":"1a1c01bbd47fc00a2c39e90264f33305004495a9","hash":"b811dd33f56daba4c7dc2dcf6abfe5a8a3041fc2"}
,"C:\\Users\\erich\\Heady\\src\\utils\\validation.js": {"path":"C:\\Users\\erich\\Heady\\src\\utils\\validation.js","statementMap":{"0":{"start":{"line":1,"column":35},"end":{"line":1,"column":63}},"1":{"start":{"line":3,"column":24},"end":{"line":14,"column":1}},"2":{"start":{"line":4,"column":2},"end":{"line":13,"column":4}},"3":{"start":{"line":5,"column":4},"end":{"line":5,"column":76}},"4":{"start":{"line":5,"column":54},"end":{"line":5,"column":73}},"5":{"start":{"line":7,"column":19},"end":{"line":7,"column":40}},"6":{"start":{"line":8,"column":4},"end":{"line":10,"column":5}},"7":{"start":{"line":9,"column":6},"end":{"line":9,"column":20}},"8":{"start":{"line":12,"column":4},"end":{"line":12,"column":53}},"9":{"start":{"line":16,"column":0},"end":{"line":16,"column":37}}},"fnMap":{"0":{"name":"(anonymous_0)","decl":{"start":{"line":3,"column":24},"end":{"line":3,"column":25}},"loc":{"start":{"line":3,"column":41},"end":{"line":14,"column":1}},"line":3},"1":{"name":"(anonymous_1)","decl":{"start":{"line":4,"column":9},"end":{"line":4,"column":10}},"loc":{"start":{"line":4,"column":35},"end":{"line":13,"column":3}},"line":4},"2":{"name":"(anonymous_2)","decl":{"start":{"line":5,"column":38},"end":{"line":5,"column":39}},"loc":{"start":{"line":5,"column":54},"end":{"line":5,"column":73}},"line":5}},"branchMap":{"0":{"loc":{"start":{"line":8,"column":4},"end":{"line":10,"column":5}},"type":"if","locations":[{"start":{"line":8,"column":4},"end":{"line":10,"column":5}},{"start":{},"end":{}}],"line":8}},"s":{"0":1,"1":1,"2":0,"3":0,"4":0,"5":0,"6":0,"7":0,"8":0,"9":1},"f":{"0":0,"1":0,"2":0},"b":{"0":[0,0]},"_coverageSchema":"1a1c01bbd47fc00a2c39e90264f33305004495a9","hash":"f0e6b0608c8f8d9bbb764c743ce6dfb450040b5a"}
}
