TN:
SF:lib\constants.js
FNF:0
FNH:0
DA:6,1
LF:1
LH:1
BRF:0
BRH:0
end_of_record
TN:
SF:src\mcp\heady-graph-server.js
FN:22,(anonymous_0)
FN:56,(anonymous_1)
FN:73,(anonymous_2)
FN:112,(anonymous_3)
FN:149,(anonymous_4)
FN:150,(anonymous_5)
FN:162,(anonymous_6)
FN:173,(anonymous_7)
FN:174,(anonymous_8)
FN:190,(anonymous_9)
FN:208,(anonymous_10)
FN:219,(anonymous_11)
FNF:12
FNH:0
FNDA:0,(anonymous_0)
FNDA:0,(anonymous_1)
FNDA:0,(anonymous_2)
FNDA:0,(anonymous_3)
FNDA:0,(anonymous_4)
FNDA:0,(anonymous_5)
FNDA:0,(anonymous_6)
FNDA:0,(anonymous_7)
FNDA:0,(anonymous_8)
FNDA:0,(anonymous_9)
FNDA:0,(anonymous_10)
FNDA:0,(anonymous_11)
DA:6,1
DA:7,1
DA:8,1
DA:9,1
DA:11,1
DA:12,1
DA:15,1
DA:16,1
DA:17,1
DA:22,1
DA:23,0
DA:24,0
DA:26,0
DA:27,0
DA:30,0
DA:39,0
DA:42,0
DA:43,0
DA:45,0
DA:47,0
DA:49,0
DA:56,1
DA:57,0
DA:58,0
DA:60,0
DA:61,0
DA:64,0
DA:66,0
DA:73,1
DA:74,0
DA:75,0
DA:77,0
DA:78,0
DA:81,0
DA:82,0
DA:85,0
DA:95,0
DA:98,0
DA:99,0
DA:101,0
DA:103,0
DA:105,0
DA:112,1
DA:113,0
DA:114,0
DA:116,0
DA:117,0
DA:120,0
DA:121,0
DA:124,0
DA:126,0
DA:127,0
DA:129,0
DA:130,0
DA:132,0
DA:133,0
DA:134,0
DA:135,0
DA:138,0
DA:139,0
DA:140,0
DA:141,0
DA:145,0
DA:148,0
DA:149,0
DA:150,0
DA:153,0
DA:155,0
DA:162,1
DA:163,0
DA:164,0
DA:165,0
DA:167,0
DA:168,0
DA:171,0
DA:173,0
DA:174,0
DA:181,0
DA:183,0
DA:190,1
DA:191,0
DA:192,0
DA:199,0
DA:201,0
DA:208,1
DA:209,0
DA:217,1
DA:219,1
DA:220,0
DA:223,1
LF:90
LH:19
BRDA:24,0,0,0
BRDA:24,1,0,0
BRDA:26,2,0,0
BRDA:26,2,1,0
BRDA:26,3,0,0
BRDA:26,3,1,0
BRDA:42,4,0,0
BRDA:42,4,1,0
BRDA:60,5,0,0
BRDA:60,5,1,0
BRDA:75,6,0,0
BRDA:75,7,0,0
BRDA:77,8,0,0
BRDA:77,8,1,0
BRDA:77,9,0,0
BRDA:77,9,1,0
BRDA:77,9,2,0
BRDA:81,10,0,0
BRDA:81,10,1,0
BRDA:81,11,0,0
BRDA:81,11,1,0
BRDA:98,12,0,0
BRDA:98,12,1,0
BRDA:114,13,0,0
BRDA:116,14,0,0
BRDA:116,14,1,0
BRDA:116,15,0,0
BRDA:116,15,1,0
BRDA:130,16,0,0
BRDA:130,16,1,0
BRDA:130,17,0,0
BRDA:130,17,1,0
BRDA:132,18,0,0
BRDA:132,18,1,0
BRDA:138,19,0,0
BRDA:138,19,1,0
BRDA:167,20,0,0
BRDA:167,20,1,0
BRDA:217,21,0,1
BRDA:217,21,1,1
BRF:40
BRH:2
end_of_record
TN:
SF:src\mcp\heady-metrics-server.js
FN:20,(anonymous_0)
FN:39,(anonymous_1)
FN:61,(anonymous_2)
FN:64,(anonymous_3)
FN:82,(anonymous_4)
FN:90,generateFractalValue
FN:105,(anonymous_6)
FN:129,(anonymous_7)
FN:138,(anonymous_8)
FN:153,(anonymous_9)
FN:164,(anonymous_10)
FNF:11
FNH:0
FNDA:0,(anonymous_0)
FNDA:0,(anonymous_1)
FNDA:0,(anonymous_2)
FNDA:0,(anonymous_3)
FNDA:0,(anonymous_4)
FNDA:0,generateFractalValue
FNDA:0,(anonymous_6)
FNDA:0,(anonymous_7)
FNDA:0,(anonymous_8)
FNDA:0,(anonymous_9)
FNDA:0,(anonymous_10)
DA:6,1
DA:7,1
DA:8,1
DA:10,1
DA:11,1
DA:14,1
DA:15,1
DA:20,1
DA:21,0
DA:22,0
DA:24,0
DA:25,0
DA:28,0
DA:30,0
DA:32,0
DA:39,1
DA:40,0
DA:41,0
DA:42,0
DA:44,0
DA:45,0
DA:47,0
DA:54,0
DA:61,1
DA:62,0
DA:64,0
DA:66,0
DA:67,0
DA:68,0
DA:70,0
DA:79,0
DA:82,0
DA:83,0
DA:91,0
DA:93,0
DA:94,0
DA:95,0
DA:96,0
DA:99,0
DA:105,1
DA:106,0
DA:107,0
DA:108,0
DA:110,0
DA:112,0
DA:120,0
DA:122,0
DA:129,1
DA:130,0
DA:131,0
DA:133,0
DA:134,0
DA:137,0
DA:138,0
DA:141,0
DA:146,0
DA:153,1
DA:154,0
DA:162,1
DA:164,1
DA:165,0
DA:168,1
LF:62
LH:16
BRDA:22,0,0,0
BRDA:24,1,0,0
BRDA:24,1,1,0
BRDA:24,2,0,0
BRDA:24,2,1,0
BRDA:42,3,0,0
BRDA:137,4,0,0
BRDA:137,4,1,0
BRDA:162,5,0,1
BRDA:162,5,1,1
BRF:10
BRH:2
end_of_record
TN:
SF:src\mcp\heady-workflow-server.js
FN:22,(anonymous_0)
FN:51,(anonymous_1)
FN:85,(anonymous_2)
FN:116,(anonymous_3)
FN:123,(anonymous_4)
FN:127,(anonymous_5)
FN:131,(anonymous_6)
FN:146,(anonymous_7)
FN:149,(anonymous_8)
FN:163,(anonymous_9)
FN:167,(anonymous_10)
FN:168,(anonymous_11)
FN:169,(anonymous_12)
FN:173,(anonymous_13)
FN:178,(anonymous_14)
FN:179,(anonymous_15)
FN:188,(anonymous_16)
FN:211,(anonymous_17)
FN:222,(anonymous_18)
FNF:19
FNH:0
FNDA:0,(anonymous_0)
FNDA:0,(anonymous_1)
FNDA:0,(anonymous_2)
FNDA:0,(anonymous_3)
FNDA:0,(anonymous_4)
FNDA:0,(anonymous_5)
FNDA:0,(anonymous_6)
FNDA:0,(anonymous_7)
FNDA:0,(anonymous_8)
FNDA:0,(anonymous_9)
FNDA:0,(anonymous_10)
FNDA:0,(anonymous_11)
FNDA:0,(anonymous_12)
FNDA:0,(anonymous_13)
FNDA:0,(anonymous_14)
FNDA:0,(anonymous_15)
FNDA:0,(anonymous_16)
FNDA:0,(anonymous_17)
FNDA:0,(anonymous_18)
DA:6,1
DA:7,1
DA:8,1
DA:9,1
DA:11,1
DA:12,1
DA:15,1
DA:16,1
DA:17,1
DA:22,1
DA:23,0
DA:24,0
DA:26,0
DA:27,0
DA:30,0
DA:40,0
DA:42,0
DA:44,0
DA:51,1
DA:52,0
DA:53,0
DA:55,0
DA:56,0
DA:59,0
DA:71,0
DA:74,0
DA:76,0
DA:78,0
DA:85,1
DA:86,0
DA:87,0
DA:88,0
DA:90,0
DA:91,0
DA:92,0
DA:96,0
DA:97,0
DA:100,0
DA:101,0
DA:102,0
DA:105,0
DA:107,0
DA:109,0
DA:116,1
DA:117,0
DA:118,0
DA:120,0
DA:122,0
DA:123,0
DA:126,0
DA:127,0
DA:130,0
DA:131,0
DA:134,0
DA:139,0
DA:146,1
DA:147,0
DA:148,0
DA:149,0
DA:151,0
DA:156,0
DA:163,1
DA:164,0
DA:166,0
DA:167,0
DA:168,0
DA:169,0
DA:173,0
DA:174,0
DA:178,0
DA:179,0
DA:180,0
DA:188,1
DA:189,0
DA:190,0
DA:191,0
DA:193,0
DA:194,0
DA:197,0
DA:198,0
DA:200,0
DA:202,0
DA:204,0
DA:211,1
DA:212,0
DA:220,1
DA:222,1
DA:223,0
DA:226,1
LF:89
LH:20
BRDA:24,0,0,0
BRDA:24,1,0,0
BRDA:26,2,0,0
BRDA:26,2,1,0
BRDA:53,3,0,0
BRDA:53,4,0,0
BRDA:55,5,0,0
BRDA:55,5,1,0
BRDA:91,6,0,0
BRDA:91,6,1,0
BRDA:96,7,0,0
BRDA:96,7,1,0
BRDA:122,8,0,0
BRDA:122,8,1,0
BRDA:126,9,0,0
BRDA:126,9,1,0
BRDA:130,10,0,0
BRDA:130,10,1,0
BRDA:193,11,0,0
BRDA:193,11,1,0
BRDA:220,12,0,1
BRDA:220,12,1,1
BRF:22
BRH:2
end_of_record
TN:
SF:src\utils\cache.js
FNF:0
FNH:0
DA:1,1
DA:4,1
DA:6,1
LF:3
LH:3
BRF:0
BRH:0
end_of_record
TN:
SF:src\utils\logger.js
FN:30,(anonymous_0)
FNF:1
FNH:0
FNDA:0,(anonymous_0)
DA:1,1
DA:2,1
DA:5,1
DA:14,1
DA:23,1
DA:26,1
DA:30,0
DA:35,1
DA:45,1
DA:52,1
LF:10
LH:9
BRDA:46,0,0,1
BRDA:46,0,1,1
BRF:2
BRH:2
end_of_record
TN:
SF:src\utils\queue.js
FN:5,(anonymous_0)
FNF:1
FNH:0
FNDA:0,(anonymous_0)
DA:1,1
DA:3,1
DA:5,1
DA:6,0
DA:7,0
DA:9,0
DA:12,1
LF:7
LH:4
BRDA:6,0,0,0
BRDA:6,0,1,0
BRDA:7,1,0,0
BRDA:7,1,1,0
BRF:4
BRH:0
end_of_record
TN:
SF:src\utils\shared-utils.js
FN:9,getTimestamp
FN:16,sendSuccess
FN:24,sendError
FN:35,initSSE
FN:43,sendSSE
FN:51,getMapSize
FN:55,clearMapOlderThan
FN:72,calculateHealthScore
FN:96,generateId
FN:104,(anonymous_9)
FN:108,(anonymous_10)
FN:115,(anonymous_11)
FN:117,(anonymous_12)
FN:126,(anonymous_13)
FN:135,(anonymous_14)
FN:140,(anonymous_15)
FN:154,(anonymous_16)
FN:158,(anonymous_17)
FN:162,(anonymous_18)
FN:172,(anonymous_19)
FN:178,(anonymous_20)
FN:183,(anonymous_21)
FN:194,(anonymous_22)
FN:210,isValidTransition
FN:218,sleep
FN:219,(anonymous_25)
FN:222,retryOperation
FN:244,processBatch
FN:259,validateConfig
FNF:29
FNH:3
FNDA:0,getTimestamp
FNDA:0,sendSuccess
FNDA:0,sendError
FNDA:0,initSSE
FNDA:0,sendSSE
FNDA:0,getMapSize
FNDA:0,clearMapOlderThan
FNDA:0,calculateHealthScore
FNDA:2,generateId
FNDA:1,(anonymous_9)
FNDA:0,(anonymous_10)
FNDA:0,(anonymous_11)
FNDA:0,(anonymous_12)
FNDA:0,(anonymous_13)
FNDA:1,(anonymous_14)
FNDA:0,(anonymous_15)
FNDA:0,(anonymous_16)
FNDA:0,(anonymous_17)
FNDA:0,(anonymous_18)
FNDA:0,(anonymous_19)
FNDA:0,(anonymous_20)
FNDA:0,(anonymous_21)
FNDA:0,(anonymous_22)
FNDA:0,isValidTransition
FNDA:0,sleep
FNDA:0,(anonymous_25)
FNDA:0,retryOperation
FNDA:0,processBatch
FNDA:0,validateConfig
DA:10,0
DA:17,0
DA:25,0
DA:36,0
DA:37,0
DA:38,0
DA:39,0
DA:40,0
DA:44,0
DA:45,0
DA:52,0
DA:56,0
DA:57,0
DA:59,0
DA:60,0
DA:61,0
DA:62,0
DA:66,0
DA:73,0
DA:75,0
DA:78,0
DA:79,0
DA:80,0
DA:83,0
DA:84,0
DA:85,0
DA:88,0
DA:90,0
DA:97,2
DA:105,1
DA:109,0
DA:110,0
DA:112,0
DA:116,0
DA:117,0
DA:118,0
DA:119,0
DA:121,0
DA:127,0
DA:136,1
DA:137,1
DA:141,0
DA:142,0
DA:145,0
DA:146,0
DA:149,0
DA:150,0
DA:155,0
DA:156,0
DA:158,0
DA:159,0
DA:163,0
DA:164,0
DA:173,0
DA:174,0
DA:175,0
DA:179,0
DA:180,0
DA:183,0
DA:185,0
DA:186,0
DA:189,0
DA:190,0
DA:191,0
DA:195,0
DA:202,1
DA:211,0
DA:212,0
DA:219,0
DA:225,0
DA:226,0
DA:227,0
DA:229,0
DA:231,0
DA:232,0
DA:233,0
DA:238,0
DA:245,0
DA:247,0
DA:248,0
DA:249,0
DA:250,0
DA:253,0
DA:260,0
DA:262,0
DA:263,0
DA:264,0
DA:268,0
DA:269,0
DA:272,0
DA:275,1
LF:91
LH:6
BRDA:16,0,0,0
BRDA:24,1,0,0
BRDA:52,2,0,0
BRDA:52,2,1,0
BRDA:60,3,0,0
BRDA:60,3,1,0
BRDA:60,4,0,0
BRDA:60,4,1,0
BRDA:73,5,0,0
BRDA:73,6,0,0
BRDA:73,7,0,0
BRDA:78,8,0,0
BRDA:78,8,1,0
BRDA:79,9,0,0
BRDA:79,9,1,0
BRDA:80,10,0,0
BRDA:80,10,1,0
BRDA:83,11,0,0
BRDA:83,11,1,0
BRDA:84,12,0,0
BRDA:84,12,1,0
BRDA:85,13,0,0
BRDA:85,13,1,0
BRDA:88,14,0,0
BRDA:88,14,1,0
BRDA:96,15,0,0
BRDA:109,16,0,0
BRDA:109,16,1,0
BRDA:116,17,0,0
BRDA:116,17,1,0
BRDA:135,18,0,0
BRDA:141,19,0,0
BRDA:141,19,1,0
BRDA:149,20,0,0
BRDA:149,20,1,0
BRDA:155,21,0,0
BRDA:155,21,1,0
BRDA:156,22,0,0
BRDA:156,22,1,0
BRDA:162,23,0,0
BRDA:163,24,0,0
BRDA:163,24,1,0
BRDA:172,25,0,0
BRDA:172,26,0,0
BRDA:180,27,0,0
BRDA:180,27,1,0
BRDA:185,28,0,0
BRDA:185,28,1,0
BRDA:211,29,0,0
BRDA:211,29,1,0
BRDA:222,30,0,0
BRDA:222,31,0,0
BRDA:231,32,0,0
BRDA:231,32,1,0
BRDA:244,33,0,0
BRDA:263,34,0,0
BRDA:263,34,1,0
BRDA:263,35,0,0
BRDA:263,35,1,0
BRDA:263,35,2,0
BRDA:268,36,0,0
BRDA:268,36,1,0
BRF:62
BRH:0
end_of_record
TN:
SF:src\utils\validation.js
FN:3,(anonymous_0)
FN:4,(anonymous_1)
FN:5,(anonymous_2)
FNF:3
FNH:0
FNDA:0,(anonymous_0)
FNDA:0,(anonymous_1)
FNDA:0,(anonymous_2)
DA:1,1
DA:3,1
DA:4,0
DA:5,0
DA:7,0
DA:8,0
DA:9,0
DA:12,0
DA:16,1
LF:9
LH:3
BRDA:8,0,0,0
BRDA:8,0,1,0
BRF:2
BRH:0
end_of_record
